#-----------------------------------------------------------
# Vivado v2020.1 (64-bit)
# SW Build 2902540 on Wed May 27 19:54:49 MDT 2020
# IP Build 2902112 on Wed May 27 22:43:36 MDT 2020
# Start of session at: Mon Dec 18 01:09:22 2023
# Process ID: 16136
# Current directory: C:/Users/tariq/Desktop/welcomeBGBLACKwithPIXELGEN/welcomeBGBLACKwithPIXELGEN
# Command line: vivado.exe -gui_launcher_event rodinguilauncherevent11668 C:\Users\tariq\Desktop\welcomeBGBLACKwithPIXELGEN\welcomeBGBLACKwithPIXELGEN\welcomeBGBLACKwithPIXELGEN.xpr
# Log file: C:/Users/tariq/Desktop/welcomeBGBLACKwithPIXELGEN/welcomeBGBLACKwithPIXELGEN/vivado.log
# Journal file: C:/Users/tariq/Desktop/welcomeBGBLACKwithPIXELGEN/welcomeBGBLACKwithPIXELGEN\vivado.jou
#-----------------------------------------------------------
start_gui
open_project C:/Users/tariq/Desktop/welcomeBGBLACKwithPIXELGEN/welcomeBGBLACKwithPIXELGEN/welcomeBGBLACKwithPIXELGEN.xpr
INFO: [Project 1-313] Project file moved from 'C:/Users/Farza/OneDrive/Desktop/welcomeBGBLACKwithPIXELGEN' since last save.
CRITICAL WARNING: [Project 1-311] Could not find the file 'C:/Users/tariq/Downloads/trex.mem', nor could it be found using path 'C:/Users/Farza/Downloads/trex.mem'.
CRITICAL WARNING: [Project 1-311] Could not find the file 'C:/Users/tariq/Downloads/pal24bit.mem', nor could it be found using path 'C:/Users/Farza/Downloads/pal24bit.mem'.
CRITICAL WARNING: [Project 1-311] Could not find the file 'C:/Users/tariq/Desktop/welcomeBGBLACKwithPIXELGEN/dld/open.mem', nor could it be found using path 'C:/Users/Farza/OneDrive/Desktop/dld/open.mem'.
CRITICAL WARNING: [Project 1-311] Could not find the file 'C:/Users/tariq/Desktop/welcomeBGBLACKwithPIXELGEN/dld/openpal24bit.mem', nor could it be found using path 'C:/Users/Farza/OneDrive/Desktop/dld/openpal24bit.mem'.
CRITICAL WARNING: [Project 1-311] Could not find the file 'C:/Users/tariq/Desktop/welcomeBGBLACKwithPIXELGEN/dld/lvl50.mem', nor could it be found using path 'C:/Users/Farza/OneDrive/Desktop/dld/lvl50.mem'.
CRITICAL WARNING: [Project 1-311] Could not find the file 'C:/Users/tariq/Desktop/welcomeBGBLACKwithPIXELGEN/dld/lvl100.mem', nor could it be found using path 'C:/Users/Farza/OneDrive/Desktop/dld/lvl100.mem'.
CRITICAL WARNING: [Project 1-311] Could not find the file 'C:/Users/tariq/Desktop/welcomeBGBLACKwithPIXELGEN/dld/lvl0.mem', nor could it be found using path 'C:/Users/Farza/OneDrive/Desktop/dld/lvl0.mem'.
CRITICAL WARNING: [Project 1-311] Could not find the file 'C:/Users/tariq/Desktop/welcomeBGBLACKwithPIXELGEN/dld/lvl50pal24bit.mem', nor could it be found using path 'C:/Users/Farza/OneDrive/Desktop/dld/lvl50pal24bit.mem'.
CRITICAL WARNING: [Project 1-311] Could not find the file 'C:/Users/tariq/Desktop/welcomeBGBLACKwithPIXELGEN/dld/lvl0pal24bit.mem', nor could it be found using path 'C:/Users/Farza/OneDrive/Desktop/dld/lvl0pal24bit.mem'.
CRITICAL WARNING: [Project 1-311] Could not find the file 'C:/Users/tariq/Desktop/welcomeBGBLACKwithPIXELGEN/dld/lvl100pal24bit.mem', nor could it be found using path 'C:/Users/Farza/OneDrive/Desktop/dld/lvl100pal24bit.mem'.
Scanning sources...
Finished scanning sources
INFO: [IP_Flow 19-234] Refreshing IP repositories
INFO: [IP_Flow 19-1704] No user IP repositories specified
INFO: [IP_Flow 19-2313] Loaded Vivado IP repository 'C:/Xilinx/Vivado/2020.1/data/ip'.
update_files -from_files {{C:/Users/tariq/Desktop/New folder/lvl0.mem}} -to_files C:/Users/tariq/Desktop/welcomeBGBLACKwithPIXELGEN/dld/lvl0.mem -filesets [get_filesets *]
INFO: [filemgmt 20-762] Replacing file 'C:/Users/tariq/Desktop/welcomeBGBLACKwithPIXELGEN/dld/lvl0.mem' with file 'C:/Users/tariq/Desktop/New folder/lvl0.mem'.
update_files -from_files {{C:/Users/tariq/Desktop/New folder/lvl0pal24bit.mem}} -to_files C:/Users/tariq/Desktop/welcomeBGBLACKwithPIXELGEN/dld/lvl0pal24bit.mem -filesets [get_filesets *]
INFO: [filemgmt 20-762] Replacing file 'C:/Users/tariq/Desktop/welcomeBGBLACKwithPIXELGEN/dld/lvl0pal24bit.mem' with file 'C:/Users/tariq/Desktop/New folder/lvl0pal24bit.mem'.
update_files -from_files {{C:/Users/tariq/Desktop/New folder/lvl100.mem}} -to_files C:/Users/tariq/Desktop/welcomeBGBLACKwithPIXELGEN/dld/lvl100.mem -filesets [get_filesets *]
INFO: [filemgmt 20-762] Replacing file 'C:/Users/tariq/Desktop/welcomeBGBLACKwithPIXELGEN/dld/lvl100.mem' with file 'C:/Users/tariq/Desktop/New folder/lvl100.mem'.
update_files -from_files {{C:/Users/tariq/Desktop/New folder/lvl100pal24bit.mem}} -to_files C:/Users/tariq/Desktop/welcomeBGBLACKwithPIXELGEN/dld/lvl100pal24bit.mem -filesets [get_filesets *]
INFO: [filemgmt 20-762] Replacing file 'C:/Users/tariq/Desktop/welcomeBGBLACKwithPIXELGEN/dld/lvl100pal24bit.mem' with file 'C:/Users/tariq/Desktop/New folder/lvl100pal24bit.mem'.
update_files -from_files {{C:/Users/tariq/Desktop/New folder/lvl50.mem}} -to_files C:/Users/tariq/Desktop/welcomeBGBLACKwithPIXELGEN/dld/lvl50.mem -filesets [get_filesets *]
INFO: [filemgmt 20-762] Replacing file 'C:/Users/tariq/Desktop/welcomeBGBLACKwithPIXELGEN/dld/lvl50.mem' with file 'C:/Users/tariq/Desktop/New folder/lvl50.mem'.
update_files -from_files {{C:/Users/tariq/Desktop/New folder/lvl50pal24bit.mem}} -to_files C:/Users/tariq/Desktop/welcomeBGBLACKwithPIXELGEN/dld/lvl50pal24bit.mem -filesets [get_filesets *]
INFO: [filemgmt 20-762] Replacing file 'C:/Users/tariq/Desktop/welcomeBGBLACKwithPIXELGEN/dld/lvl50pal24bit.mem' with file 'C:/Users/tariq/Desktop/New folder/lvl50pal24bit.mem'.
update_files -from_files {{C:/Users/tariq/Desktop/New folder/open.mem}} -to_files C:/Users/tariq/Desktop/welcomeBGBLACKwithPIXELGEN/dld/open.mem -filesets [get_filesets *]
INFO: [filemgmt 20-762] Replacing file 'C:/Users/tariq/Desktop/welcomeBGBLACKwithPIXELGEN/dld/open.mem' with file 'C:/Users/tariq/Desktop/New folder/open.mem'.
update_files -from_files {{C:/Users/tariq/Desktop/New folder/openpal24bit.mem}} -to_files C:/Users/tariq/Desktop/welcomeBGBLACKwithPIXELGEN/dld/openpal24bit.mem -filesets [get_filesets *]
INFO: [filemgmt 20-762] Replacing file 'C:/Users/tariq/Desktop/welcomeBGBLACKwithPIXELGEN/dld/openpal24bit.mem' with file 'C:/Users/tariq/Desktop/New folder/openpal24bit.mem'.
reset_run synth_1
launch_runs synth_1 -jobs 6
[Mon Dec 18 01:49:42 2023] Launched synth_1...
Run output will be captured here: C:/Users/tariq/Desktop/welcomeBGBLACKwithPIXELGEN/welcomeBGBLACKwithPIXELGEN/welcomeBGBLACKwithPIXELGEN.runs/synth_1/runme.log
update_files -from_files {{C:/Users/tariq/Desktop/New folder/sprite2.mem}} -to_files C:/Users/tariq/Downloads/trex.mem -filesets [get_filesets *]
INFO: [filemgmt 20-762] Replacing file 'C:/Users/tariq/Downloads/trex.mem' with file 'C:/Users/tariq/Desktop/New folder/sprite2.mem'.
update_files -from_files {{C:/Users/tariq/Desktop/New folder/sprite24bit.mem}} -to_files C:/Users/tariq/Downloads/pal24bit.mem -filesets [get_filesets *]
INFO: [filemgmt 20-762] Replacing file 'C:/Users/tariq/Downloads/pal24bit.mem' with file 'C:/Users/tariq/Desktop/New folder/sprite24bit.mem'.
reset_run synth_1
launch_runs synth_1 -jobs 6
[Mon Dec 18 01:55:21 2023] Launched synth_1...
Run output will be captured here: C:/Users/tariq/Desktop/welcomeBGBLACKwithPIXELGEN/welcomeBGBLACKwithPIXELGEN/welcomeBGBLACKwithPIXELGEN.runs/synth_1/runme.log
reset_run synth_1
WARNING: [Vivado 12-1017] Problems encountered:
1. Failed to delete one or more files in run directory C:/Users/tariq/Desktop/welcomeBGBLACKwithPIXELGEN/welcomeBGBLACKwithPIXELGEN/welcomeBGBLACKwithPIXELGEN.runs/synth_1

update_files -from_files {{C:/Users/tariq/Desktop/New folder/trex.mem}} -to_files {{C:/Users/tariq/Desktop/New folder/sprite2.mem}} -filesets [get_filesets *]
INFO: [filemgmt 20-762] Replacing file 'C:/Users/tariq/Desktop/New folder/sprite2.mem' with file 'C:/Users/tariq/Desktop/New folder/trex.mem'.
update_files -from_files {{C:/Users/tariq/Desktop/New folder/pal24bit.mem}} -to_files {{C:/Users/tariq/Desktop/New folder/sprite24bit.mem}} -filesets [get_filesets *]
INFO: [filemgmt 20-762] Replacing file 'C:/Users/tariq/Desktop/New folder/sprite24bit.mem' with file 'C:/Users/tariq/Desktop/New folder/pal24bit.mem'.
launch_runs synth_1 -jobs 6
[Mon Dec 18 01:56:52 2023] Launched synth_1...
Run output will be captured here: C:/Users/tariq/Desktop/welcomeBGBLACKwithPIXELGEN/welcomeBGBLACKwithPIXELGEN/welcomeBGBLACKwithPIXELGEN.runs/synth_1/runme.log
launch_runs impl_1 -jobs 6
[Mon Dec 18 01:57:43 2023] Launched impl_1...
Run output will be captured here: C:/Users/tariq/Desktop/welcomeBGBLACKwithPIXELGEN/welcomeBGBLACKwithPIXELGEN/welcomeBGBLACKwithPIXELGEN.runs/impl_1/runme.log
launch_runs impl_1 -to_step write_bitstream -jobs 6
[Mon Dec 18 01:58:39 2023] Launched impl_1...
Run output will be captured here: C:/Users/tariq/Desktop/welcomeBGBLACKwithPIXELGEN/welcomeBGBLACKwithPIXELGEN/welcomeBGBLACKwithPIXELGEN.runs/impl_1/runme.log
open_hw_manager
connect_hw_server -allow_non_jtag
INFO: [Labtools 27-2285] Connecting to hw_server url TCP:localhost:3121
INFO: [Labtools 27-2222] Launching hw_server...
INFO: [Labtools 27-2221] Launch Output:

****** Xilinx hw_server v2020.1
  **** Build date : May 27 2020 at 20:24:38
    ** Copyright 1986-2020 Xilinx, Inc. All Rights Reserved.


INFO: [Labtools 27-3415] Connecting to cs_server url TCP:localhost:3042
INFO: [Labtools 27-3417] Launching cs_server...
INFO: [Labtools 27-2221] Launch Output:


****** Xilinx cs_server v2020.1.0
  **** Build date : May 14 2020-06:10:29
    ** Copyright 2017-2020 Xilinx, Inc. All Rights Reserved.



connect_hw_server: Time (s): cpu = 00:00:00 ; elapsed = 00:00:06 . Memory (MB): peak = 1015.652 ; gain = 0.000
open_hw_target
INFO: [Labtoolstcl 44-466] Opening hw_target localhost:3121/xilinx_tcf/Digilent/210183AF3054A
set_property PROGRAM.FILE {C:/Users/tariq/Desktop/welcomeBGBLACKwithPIXELGEN/welcomeBGBLACKwithPIXELGEN/welcomeBGBLACKwithPIXELGEN.runs/impl_1/toplevelmodulelab11.bit} [get_hw_devices xc7a35t_0]
current_hw_device [get_hw_devices xc7a35t_0]
refresh_hw_device -update_hw_probes false [lindex [get_hw_devices xc7a35t_0] 0]
INFO: [Labtools 27-1434] Device xc7a35t (JTAG device index = 0) is programmed with a design that has no supported debug core(s) in it.
set_property PROBES.FILE {} [get_hw_devices xc7a35t_0]
set_property FULL_PROBES.FILE {} [get_hw_devices xc7a35t_0]
set_property PROGRAM.FILE {C:/Users/tariq/Desktop/welcomeBGBLACKwithPIXELGEN/welcomeBGBLACKwithPIXELGEN/welcomeBGBLACKwithPIXELGEN.runs/impl_1/toplevelmodulelab11.bit} [get_hw_devices xc7a35t_0]
program_hw_devices [get_hw_devices xc7a35t_0]
INFO: [Labtools 27-3164] End of startup status: HIGH
refresh_hw_device [lindex [get_hw_devices xc7a35t_0] 0]
INFO: [Labtools 27-1434] Device xc7a35t (JTAG device index = 0) is programmed with a design that has no supported debug core(s) in it.
close [ open C:/Users/tariq/Desktop/welcomeBGBLACKwithPIXELGEN/welcomeBGBLACKwithPIXELGEN/welcomeBGBLACKwithPIXELGEN.srcs/sources_1/new/dustbin_h.v w ]
add_files C:/Users/tariq/Desktop/welcomeBGBLACKwithPIXELGEN/welcomeBGBLACKwithPIXELGEN/welcomeBGBLACKwithPIXELGEN.srcs/sources_1/new/dustbin_h.v
close [ open C:/Users/tariq/Desktop/welcomeBGBLACKwithPIXELGEN/welcomeBGBLACKwithPIXELGEN/welcomeBGBLACKwithPIXELGEN.srcs/sources_1/new/dustbin_pixel.v w ]
add_files C:/Users/tariq/Desktop/welcomeBGBLACKwithPIXELGEN/welcomeBGBLACKwithPIXELGEN/welcomeBGBLACKwithPIXELGEN.srcs/sources_1/new/dustbin_pixel.v
close [ open C:/Users/tariq/Desktop/welcomeBGBLACKwithPIXELGEN/welcomeBGBLACKwithPIXELGEN/welcomeBGBLACKwithPIXELGEN.srcs/sources_1/new/dustbin_clock_divider.v w ]
add_files C:/Users/tariq/Desktop/welcomeBGBLACKwithPIXELGEN/welcomeBGBLACKwithPIXELGEN/welcomeBGBLACKwithPIXELGEN.srcs/sources_1/new/dustbin_clock_divider.v
close [ open C:/Users/tariq/Desktop/welcomeBGBLACKwithPIXELGEN/welcomeBGBLACKwithPIXELGEN/welcomeBGBLACKwithPIXELGEN.srcs/sources_1/new/dustbin_vga_sync.v w ]
add_files C:/Users/tariq/Desktop/welcomeBGBLACKwithPIXELGEN/welcomeBGBLACKwithPIXELGEN/welcomeBGBLACKwithPIXELGEN.srcs/sources_1/new/dustbin_vga_sync.v
close [ open C:/Users/tariq/Desktop/welcomeBGBLACKwithPIXELGEN/welcomeBGBLACKwithPIXELGEN/welcomeBGBLACKwithPIXELGEN.srcs/sources_1/new/dustbin_roms.v w ]
add_files C:/Users/tariq/Desktop/welcomeBGBLACKwithPIXELGEN/welcomeBGBLACKwithPIXELGEN/welcomeBGBLACKwithPIXELGEN.srcs/sources_1/new/dustbin_roms.v
close [ open C:/Users/tariq/Desktop/welcomeBGBLACKwithPIXELGEN/welcomeBGBLACKwithPIXELGEN/welcomeBGBLACKwithPIXELGEN.srcs/sources_1/new/dustbin_v.v w ]
add_files C:/Users/tariq/Desktop/welcomeBGBLACKwithPIXELGEN/welcomeBGBLACKwithPIXELGEN/welcomeBGBLACKwithPIXELGEN.srcs/sources_1/new/dustbin_v.v
set_property is_enabled false [get_files  C:/Users/tariq/Desktop/welcomeBGBLACKwithPIXELGEN/welcomeBGBLACKwithPIXELGEN/welcomeBGBLACKwithPIXELGEN.srcs/sources_1/new/pixel_gen_cir.v]
set_property is_enabled false [get_files  C:/Users/tariq/Desktop/welcomeBGBLACKwithPIXELGEN/welcomeBGBLACKwithPIXELGEN/welcomeBGBLACKwithPIXELGEN.srcs/sources_1/new/BowlingRom2.v]
set_property is_enabled false [get_files  C:/Users/tariq/Desktop/welcomeBGBLACKwithPIXELGEN/welcomeBGBLACKwithPIXELGEN/welcomeBGBLACKwithPIXELGEN.srcs/sources_1/new/bowlingRom.v]
set_property is_enabled false [get_files  C:/Users/tariq/Desktop/welcomeBGBLACKwithPIXELGEN/welcomeBGBLACKwithPIXELGEN/welcomeBGBLACKwithPIXELGEN.srcs/sources_1/new/vgasync.v]
reset_run synth_1
launch_runs synth_1 -jobs 6
[Mon Dec 18 02:53:56 2023] Launched synth_1...
Run output will be captured here: C:/Users/tariq/Desktop/welcomeBGBLACKwithPIXELGEN/welcomeBGBLACKwithPIXELGEN/welcomeBGBLACKwithPIXELGEN.runs/synth_1/runme.log
launch_runs impl_1 -jobs 6
[Mon Dec 18 02:54:49 2023] Launched impl_1...
Run output will be captured here: C:/Users/tariq/Desktop/welcomeBGBLACKwithPIXELGEN/welcomeBGBLACKwithPIXELGEN/welcomeBGBLACKwithPIXELGEN.runs/impl_1/runme.log
launch_runs impl_1 -to_step write_bitstream -jobs 6
[Mon Dec 18 02:55:48 2023] Launched impl_1...
Run output will be captured here: C:/Users/tariq/Desktop/welcomeBGBLACKwithPIXELGEN/welcomeBGBLACKwithPIXELGEN/welcomeBGBLACKwithPIXELGEN.runs/impl_1/runme.log
set_property PROBES.FILE {} [get_hw_devices xc7a35t_0]
set_property FULL_PROBES.FILE {} [get_hw_devices xc7a35t_0]
set_property PROGRAM.FILE {C:/Users/tariq/Desktop/welcomeBGBLACKwithPIXELGEN/welcomeBGBLACKwithPIXELGEN/welcomeBGBLACKwithPIXELGEN.runs/impl_1/toplevelmodulelab11.bit} [get_hw_devices xc7a35t_0]
program_hw_devices [get_hw_devices xc7a35t_0]
INFO: [Labtools 27-3164] End of startup status: HIGH
refresh_hw_device [lindex [get_hw_devices xc7a35t_0] 0]
INFO: [Labtools 27-1434] Device xc7a35t (JTAG device index = 0) is programmed with a design that has no supported debug core(s) in it.
set_property is_enabled false [get_files  C:/Users/tariq/Desktop/welcomeBGBLACKwithPIXELGEN/welcomeBGBLACKwithPIXELGEN/welcomeBGBLACKwithPIXELGEN.srcs/sources_1/new/adder_subtractor.v]
set_property is_enabled false [get_files  C:/Users/tariq/Desktop/welcomeBGBLACKwithPIXELGEN/welcomeBGBLACKwithPIXELGEN/welcomeBGBLACKwithPIXELGEN.srcs/sources_1/new/toplevel.v]
set_property is_enabled false [get_files  C:/Users/tariq/Desktop/welcomeBGBLACKwithPIXELGEN/welcomeBGBLACKwithPIXELGEN/welcomeBGBLACKwithPIXELGEN.srcs/sources_1/new/TopLevelModuleLab10.v]
set_property is_enabled false [get_files  C:/Users/tariq/Desktop/welcomeBGBLACKwithPIXELGEN/welcomeBGBLACKwithPIXELGEN/welcomeBGBLACKwithPIXELGEN.srcs/sources_1/new/threebitFA.v]
set_property is_enabled false [get_files  C:/Users/tariq/Desktop/welcomeBGBLACKwithPIXELGEN/welcomeBGBLACKwithPIXELGEN/welcomeBGBLACKwithPIXELGEN.srcs/sources_1/new/myFULLADDER.v]
set_property is_enabled false [get_files  C:/Users/tariq/Desktop/welcomeBGBLACKwithPIXELGEN/welcomeBGBLACKwithPIXELGEN/welcomeBGBLACKwithPIXELGEN.srcs/sources_1/new/myXOR.v]
set_property is_enabled false [get_files  C:/Users/tariq/Desktop/welcomeBGBLACKwithPIXELGEN/welcomeBGBLACKwithPIXELGEN/welcomeBGBLACKwithPIXELGEN.srcs/sources_1/new/demux.v]
set_property is_enabled false [get_files  C:/Users/tariq/Desktop/welcomeBGBLACKwithPIXELGEN/welcomeBGBLACKwithPIXELGEN/welcomeBGBLACKwithPIXELGEN.srcs/sources_1/new/selective_2c.v]
set_property is_enabled false [get_files  C:/Users/tariq/Desktop/welcomeBGBLACKwithPIXELGEN/welcomeBGBLACKwithPIXELGEN/welcomeBGBLACKwithPIXELGEN.srcs/sources_1/new/mux.v]
set_property is_enabled false [get_files  C:/Users/tariq/Desktop/welcomeBGBLACKwithPIXELGEN/welcomeBGBLACKwithPIXELGEN/welcomeBGBLACKwithPIXELGEN.srcs/sources_1/new/hcount.v]
set_property is_enabled false [get_files  C:/Users/tariq/Desktop/welcomeBGBLACKwithPIXELGEN/welcomeBGBLACKwithPIXELGEN/welcomeBGBLACKwithPIXELGEN.srcs/sources_1/new/dustbin_clock_divider.v]
set_property is_enabled false [get_files  C:/Users/tariq/Desktop/welcomeBGBLACKwithPIXELGEN/welcomeBGBLACKwithPIXELGEN/welcomeBGBLACKwithPIXELGEN.srcs/sources_1/new/myAND.v]
set_property is_enabled false [get_files  C:/Users/tariq/Desktop/welcomeBGBLACKwithPIXELGEN/welcomeBGBLACKwithPIXELGEN/welcomeBGBLACKwithPIXELGEN.srcs/sources_1/new/myOR.v]
set_property is_enabled false [get_files  C:/Users/tariq/Desktop/welcomeBGBLACKwithPIXELGEN/welcomeBGBLACKwithPIXELGEN/welcomeBGBLACKwithPIXELGEN.srcs/sources_1/new/decoder.v]
set_property is_enabled false [get_files  C:/Users/tariq/Desktop/welcomeBGBLACKwithPIXELGEN/welcomeBGBLACKwithPIXELGEN/welcomeBGBLACKwithPIXELGEN.srcs/sources_1/new/v_counter.v]
reset_run synth_1
launch_runs synth_1 -jobs 6
[Mon Dec 18 02:58:55 2023] Launched synth_1...
Run output will be captured here: C:/Users/tariq/Desktop/welcomeBGBLACKwithPIXELGEN/welcomeBGBLACKwithPIXELGEN/welcomeBGBLACKwithPIXELGEN.runs/synth_1/runme.log
launch_runs impl_1 -jobs 6
[Mon Dec 18 02:59:37 2023] Launched impl_1...
Run output will be captured here: C:/Users/tariq/Desktop/welcomeBGBLACKwithPIXELGEN/welcomeBGBLACKwithPIXELGEN/welcomeBGBLACKwithPIXELGEN.runs/impl_1/runme.log
launch_runs impl_1 -to_step write_bitstream -jobs 6
[Mon Dec 18 03:00:36 2023] Launched impl_1...
Run output will be captured here: C:/Users/tariq/Desktop/welcomeBGBLACKwithPIXELGEN/welcomeBGBLACKwithPIXELGEN/welcomeBGBLACKwithPIXELGEN.runs/impl_1/runme.log
set_property PROBES.FILE {} [get_hw_devices xc7a35t_0]
set_property FULL_PROBES.FILE {} [get_hw_devices xc7a35t_0]
set_property PROGRAM.FILE {C:/Users/tariq/Desktop/welcomeBGBLACKwithPIXELGEN/welcomeBGBLACKwithPIXELGEN/welcomeBGBLACKwithPIXELGEN.runs/impl_1/toplevelmodulelab11.bit} [get_hw_devices xc7a35t_0]
program_hw_devices [get_hw_devices xc7a35t_0]
INFO: [Labtools 27-3164] End of startup status: HIGH
refresh_hw_device [lindex [get_hw_devices xc7a35t_0] 0]
INFO: [Labtools 27-1434] Device xc7a35t (JTAG device index = 0) is programmed with a design that has no supported debug core(s) in it.
refresh_hw_device [lindex [get_hw_devices xc7a35t_0] 0]
INFO: [Labtools 27-1434] Device xc7a35t (JTAG device index = 0) is programmed with a design that has no supported debug core(s) in it.
set_property PROBES.FILE {} [get_hw_devices xc7a35t_0]
set_property FULL_PROBES.FILE {} [get_hw_devices xc7a35t_0]
set_property PROGRAM.FILE {C:/Users/tariq/Desktop/welcomeBGBLACKwithPIXELGEN/welcomeBGBLACKwithPIXELGEN/welcomeBGBLACKwithPIXELGEN.runs/impl_1/toplevelmodulelab11.bit} [get_hw_devices xc7a35t_0]
program_hw_devices [get_hw_devices xc7a35t_0]
INFO: [Labtools 27-3164] End of startup status: HIGH
refresh_hw_device [lindex [get_hw_devices xc7a35t_0] 0]
INFO: [Labtools 27-1434] Device xc7a35t (JTAG device index = 0) is programmed with a design that has no supported debug core(s) in it.
export_ip_user_files -of_objects  [get_files C:/Users/tariq/Desktop/welcomeBGBLACKwithPIXELGEN/welcomeBGBLACKwithPIXELGEN/welcomeBGBLACKwithPIXELGEN.srcs/sources_1/new/BowlingRom2.v] -no_script -reset -force -quiet
remove_files  C:/Users/tariq/Desktop/welcomeBGBLACKwithPIXELGEN/welcomeBGBLACKwithPIXELGEN/welcomeBGBLACKwithPIXELGEN.srcs/sources_1/new/BowlingRom2.v
file delete -force C:/Users/tariq/Desktop/welcomeBGBLACKwithPIXELGEN/welcomeBGBLACKwithPIXELGEN/welcomeBGBLACKwithPIXELGEN.srcs/sources_1/new/BowlingRom2.v
export_ip_user_files -of_objects  [get_files C:/Users/tariq/Desktop/welcomeBGBLACKwithPIXELGEN/welcomeBGBLACKwithPIXELGEN/welcomeBGBLACKwithPIXELGEN.srcs/sources_1/new/TopLevelModuleLab10.v] -no_script -reset -force -quiet
remove_files  C:/Users/tariq/Desktop/welcomeBGBLACKwithPIXELGEN/welcomeBGBLACKwithPIXELGEN/welcomeBGBLACKwithPIXELGEN.srcs/sources_1/new/TopLevelModuleLab10.v
file delete -force C:/Users/tariq/Desktop/welcomeBGBLACKwithPIXELGEN/welcomeBGBLACKwithPIXELGEN/welcomeBGBLACKwithPIXELGEN.srcs/sources_1/new/TopLevelModuleLab10.v
export_ip_user_files -of_objects  [get_files C:/Users/tariq/Desktop/welcomeBGBLACKwithPIXELGEN/welcomeBGBLACKwithPIXELGEN/welcomeBGBLACKwithPIXELGEN.srcs/sources_1/new/adder_subtractor.v] -no_script -reset -force -quiet
remove_files  C:/Users/tariq/Desktop/welcomeBGBLACKwithPIXELGEN/welcomeBGBLACKwithPIXELGEN/welcomeBGBLACKwithPIXELGEN.srcs/sources_1/new/adder_subtractor.v
file delete -force C:/Users/tariq/Desktop/welcomeBGBLACKwithPIXELGEN/welcomeBGBLACKwithPIXELGEN/welcomeBGBLACKwithPIXELGEN.srcs/sources_1/new/adder_subtractor.v
export_ip_user_files -of_objects  [get_files C:/Users/tariq/Desktop/welcomeBGBLACKwithPIXELGEN/welcomeBGBLACKwithPIXELGEN/welcomeBGBLACKwithPIXELGEN.srcs/sources_1/new/bowlingRom.v] -no_script -reset -force -quiet
remove_files  C:/Users/tariq/Desktop/welcomeBGBLACKwithPIXELGEN/welcomeBGBLACKwithPIXELGEN/welcomeBGBLACKwithPIXELGEN.srcs/sources_1/new/bowlingRom.v
file delete -force C:/Users/tariq/Desktop/welcomeBGBLACKwithPIXELGEN/welcomeBGBLACKwithPIXELGEN/welcomeBGBLACKwithPIXELGEN.srcs/sources_1/new/bowlingRom.v
export_ip_user_files -of_objects  [get_files C:/Users/tariq/Desktop/welcomeBGBLACKwithPIXELGEN/welcomeBGBLACKwithPIXELGEN/welcomeBGBLACKwithPIXELGEN.srcs/sources_1/new/decoder.v] -no_script -reset -force -quiet
remove_files  C:/Users/tariq/Desktop/welcomeBGBLACKwithPIXELGEN/welcomeBGBLACKwithPIXELGEN/welcomeBGBLACKwithPIXELGEN.srcs/sources_1/new/decoder.v
file delete -force C:/Users/tariq/Desktop/welcomeBGBLACKwithPIXELGEN/welcomeBGBLACKwithPIXELGEN/welcomeBGBLACKwithPIXELGEN.srcs/sources_1/new/decoder.v
export_ip_user_files -of_objects  [get_files C:/Users/tariq/Desktop/welcomeBGBLACKwithPIXELGEN/welcomeBGBLACKwithPIXELGEN/welcomeBGBLACKwithPIXELGEN.srcs/sources_1/new/demux.v] -no_script -reset -force -quiet
remove_files  C:/Users/tariq/Desktop/welcomeBGBLACKwithPIXELGEN/welcomeBGBLACKwithPIXELGEN/welcomeBGBLACKwithPIXELGEN.srcs/sources_1/new/demux.v
file delete -force C:/Users/tariq/Desktop/welcomeBGBLACKwithPIXELGEN/welcomeBGBLACKwithPIXELGEN/welcomeBGBLACKwithPIXELGEN.srcs/sources_1/new/demux.v
export_ip_user_files -of_objects  [get_files C:/Users/tariq/Desktop/welcomeBGBLACKwithPIXELGEN/welcomeBGBLACKwithPIXELGEN/welcomeBGBLACKwithPIXELGEN.srcs/sources_1/new/dustbin_clock_divider.v] -no_script -reset -force -quiet
remove_files  C:/Users/tariq/Desktop/welcomeBGBLACKwithPIXELGEN/welcomeBGBLACKwithPIXELGEN/welcomeBGBLACKwithPIXELGEN.srcs/sources_1/new/dustbin_clock_divider.v
file delete -force C:/Users/tariq/Desktop/welcomeBGBLACKwithPIXELGEN/welcomeBGBLACKwithPIXELGEN/welcomeBGBLACKwithPIXELGEN.srcs/sources_1/new/dustbin_clock_divider.v
export_ip_user_files -of_objects  [get_files C:/Users/tariq/Desktop/welcomeBGBLACKwithPIXELGEN/welcomeBGBLACKwithPIXELGEN/welcomeBGBLACKwithPIXELGEN.srcs/sources_1/new/hcount.v] -no_script -reset -force -quiet
remove_files  C:/Users/tariq/Desktop/welcomeBGBLACKwithPIXELGEN/welcomeBGBLACKwithPIXELGEN/welcomeBGBLACKwithPIXELGEN.srcs/sources_1/new/hcount.v
file delete -force C:/Users/tariq/Desktop/welcomeBGBLACKwithPIXELGEN/welcomeBGBLACKwithPIXELGEN/welcomeBGBLACKwithPIXELGEN.srcs/sources_1/new/hcount.v
export_ip_user_files -of_objects  [get_files C:/Users/tariq/Desktop/welcomeBGBLACKwithPIXELGEN/welcomeBGBLACKwithPIXELGEN/welcomeBGBLACKwithPIXELGEN.srcs/sources_1/new/mux.v] -no_script -reset -force -quiet
remove_files  C:/Users/tariq/Desktop/welcomeBGBLACKwithPIXELGEN/welcomeBGBLACKwithPIXELGEN/welcomeBGBLACKwithPIXELGEN.srcs/sources_1/new/mux.v
file delete -force C:/Users/tariq/Desktop/welcomeBGBLACKwithPIXELGEN/welcomeBGBLACKwithPIXELGEN/welcomeBGBLACKwithPIXELGEN.srcs/sources_1/new/mux.v
export_ip_user_files -of_objects  [get_files C:/Users/tariq/Desktop/welcomeBGBLACKwithPIXELGEN/welcomeBGBLACKwithPIXELGEN/welcomeBGBLACKwithPIXELGEN.srcs/sources_1/new/myAND.v] -no_script -reset -force -quiet
remove_files  C:/Users/tariq/Desktop/welcomeBGBLACKwithPIXELGEN/welcomeBGBLACKwithPIXELGEN/welcomeBGBLACKwithPIXELGEN.srcs/sources_1/new/myAND.v
file delete -force C:/Users/tariq/Desktop/welcomeBGBLACKwithPIXELGEN/welcomeBGBLACKwithPIXELGEN/welcomeBGBLACKwithPIXELGEN.srcs/sources_1/new/myAND.v
export_ip_user_files -of_objects  [get_files C:/Users/tariq/Desktop/welcomeBGBLACKwithPIXELGEN/welcomeBGBLACKwithPIXELGEN/welcomeBGBLACKwithPIXELGEN.srcs/sources_1/new/myFULLADDER.v] -no_script -reset -force -quiet
remove_files  C:/Users/tariq/Desktop/welcomeBGBLACKwithPIXELGEN/welcomeBGBLACKwithPIXELGEN/welcomeBGBLACKwithPIXELGEN.srcs/sources_1/new/myFULLADDER.v
file delete -force C:/Users/tariq/Desktop/welcomeBGBLACKwithPIXELGEN/welcomeBGBLACKwithPIXELGEN/welcomeBGBLACKwithPIXELGEN.srcs/sources_1/new/myFULLADDER.v
export_ip_user_files -of_objects  [get_files C:/Users/tariq/Desktop/welcomeBGBLACKwithPIXELGEN/welcomeBGBLACKwithPIXELGEN/welcomeBGBLACKwithPIXELGEN.srcs/sources_1/new/myOR.v] -no_script -reset -force -quiet
remove_files  C:/Users/tariq/Desktop/welcomeBGBLACKwithPIXELGEN/welcomeBGBLACKwithPIXELGEN/welcomeBGBLACKwithPIXELGEN.srcs/sources_1/new/myOR.v
file delete -force C:/Users/tariq/Desktop/welcomeBGBLACKwithPIXELGEN/welcomeBGBLACKwithPIXELGEN/welcomeBGBLACKwithPIXELGEN.srcs/sources_1/new/myOR.v
export_ip_user_files -of_objects  [get_files C:/Users/tariq/Desktop/welcomeBGBLACKwithPIXELGEN/welcomeBGBLACKwithPIXELGEN/welcomeBGBLACKwithPIXELGEN.srcs/sources_1/new/myXOR.v] -no_script -reset -force -quiet
remove_files  C:/Users/tariq/Desktop/welcomeBGBLACKwithPIXELGEN/welcomeBGBLACKwithPIXELGEN/welcomeBGBLACKwithPIXELGEN.srcs/sources_1/new/myXOR.v
file delete -force C:/Users/tariq/Desktop/welcomeBGBLACKwithPIXELGEN/welcomeBGBLACKwithPIXELGEN/welcomeBGBLACKwithPIXELGEN.srcs/sources_1/new/myXOR.v
export_ip_user_files -of_objects  [get_files C:/Users/tariq/Desktop/welcomeBGBLACKwithPIXELGEN/welcomeBGBLACKwithPIXELGEN/welcomeBGBLACKwithPIXELGEN.srcs/sources_1/new/pixel_gen_cir.v] -no_script -reset -force -quiet
remove_files  C:/Users/tariq/Desktop/welcomeBGBLACKwithPIXELGEN/welcomeBGBLACKwithPIXELGEN/welcomeBGBLACKwithPIXELGEN.srcs/sources_1/new/pixel_gen_cir.v
file delete -force C:/Users/tariq/Desktop/welcomeBGBLACKwithPIXELGEN/welcomeBGBLACKwithPIXELGEN/welcomeBGBLACKwithPIXELGEN.srcs/sources_1/new/pixel_gen_cir.v
export_ip_user_files -of_objects  [get_files C:/Users/tariq/Desktop/welcomeBGBLACKwithPIXELGEN/welcomeBGBLACKwithPIXELGEN/welcomeBGBLACKwithPIXELGEN.srcs/sources_1/new/selective_2c.v] -no_script -reset -force -quiet
remove_files  C:/Users/tariq/Desktop/welcomeBGBLACKwithPIXELGEN/welcomeBGBLACKwithPIXELGEN/welcomeBGBLACKwithPIXELGEN.srcs/sources_1/new/selective_2c.v
file delete -force C:/Users/tariq/Desktop/welcomeBGBLACKwithPIXELGEN/welcomeBGBLACKwithPIXELGEN/welcomeBGBLACKwithPIXELGEN.srcs/sources_1/new/selective_2c.v
export_ip_user_files -of_objects  [get_files C:/Users/tariq/Desktop/welcomeBGBLACKwithPIXELGEN/welcomeBGBLACKwithPIXELGEN/welcomeBGBLACKwithPIXELGEN.srcs/sources_1/new/threebitFA.v] -no_script -reset -force -quiet
remove_files  C:/Users/tariq/Desktop/welcomeBGBLACKwithPIXELGEN/welcomeBGBLACKwithPIXELGEN/welcomeBGBLACKwithPIXELGEN.srcs/sources_1/new/threebitFA.v
file delete -force C:/Users/tariq/Desktop/welcomeBGBLACKwithPIXELGEN/welcomeBGBLACKwithPIXELGEN/welcomeBGBLACKwithPIXELGEN.srcs/sources_1/new/threebitFA.v
export_ip_user_files -of_objects  [get_files C:/Users/tariq/Desktop/welcomeBGBLACKwithPIXELGEN/welcomeBGBLACKwithPIXELGEN/welcomeBGBLACKwithPIXELGEN.srcs/sources_1/new/toplevel.v] -no_script -reset -force -quiet
remove_files  C:/Users/tariq/Desktop/welcomeBGBLACKwithPIXELGEN/welcomeBGBLACKwithPIXELGEN/welcomeBGBLACKwithPIXELGEN.srcs/sources_1/new/toplevel.v
file delete -force C:/Users/tariq/Desktop/welcomeBGBLACKwithPIXELGEN/welcomeBGBLACKwithPIXELGEN/welcomeBGBLACKwithPIXELGEN.srcs/sources_1/new/toplevel.v
export_ip_user_files -of_objects  [get_files C:/Users/tariq/Desktop/welcomeBGBLACKwithPIXELGEN/welcomeBGBLACKwithPIXELGEN/welcomeBGBLACKwithPIXELGEN.srcs/sources_1/new/v_counter.v] -no_script -reset -force -quiet
remove_files  C:/Users/tariq/Desktop/welcomeBGBLACKwithPIXELGEN/welcomeBGBLACKwithPIXELGEN/welcomeBGBLACKwithPIXELGEN.srcs/sources_1/new/v_counter.v
file delete -force C:/Users/tariq/Desktop/welcomeBGBLACKwithPIXELGEN/welcomeBGBLACKwithPIXELGEN/welcomeBGBLACKwithPIXELGEN.srcs/sources_1/new/v_counter.v
export_ip_user_files -of_objects  [get_files C:/Users/tariq/Desktop/welcomeBGBLACKwithPIXELGEN/welcomeBGBLACKwithPIXELGEN/welcomeBGBLACKwithPIXELGEN.srcs/sources_1/new/vgasync.v] -no_script -reset -force -quiet
remove_files  C:/Users/tariq/Desktop/welcomeBGBLACKwithPIXELGEN/welcomeBGBLACKwithPIXELGEN/welcomeBGBLACKwithPIXELGEN.srcs/sources_1/new/vgasync.v
file delete -force C:/Users/tariq/Desktop/welcomeBGBLACKwithPIXELGEN/welcomeBGBLACKwithPIXELGEN/welcomeBGBLACKwithPIXELGEN.srcs/sources_1/new/vgasync.v
set_property is_enabled false [get_files  C:/Users/tariq/Desktop/welcomeBGBLACKwithPIXELGEN/welcomeBGBLACKwithPIXELGEN/welcomeBGBLACKwithPIXELGEN.srcs/constrs_1/new/test_and_const.xdc]
reset_run synth_1
launch_runs synth_1 -jobs 6
[Mon Dec 18 03:03:53 2023] Launched synth_1...
Run output will be captured here: C:/Users/tariq/Desktop/welcomeBGBLACKwithPIXELGEN/welcomeBGBLACKwithPIXELGEN/welcomeBGBLACKwithPIXELGEN.runs/synth_1/runme.log
launch_runs impl_1 -jobs 6
[Mon Dec 18 03:04:34 2023] Launched impl_1...
Run output will be captured here: C:/Users/tariq/Desktop/welcomeBGBLACKwithPIXELGEN/welcomeBGBLACKwithPIXELGEN/welcomeBGBLACKwithPIXELGEN.runs/impl_1/runme.log
launch_runs impl_1 -to_step write_bitstream -jobs 6
[Mon Dec 18 03:05:39 2023] Launched impl_1...
Run output will be captured here: C:/Users/tariq/Desktop/welcomeBGBLACKwithPIXELGEN/welcomeBGBLACKwithPIXELGEN/welcomeBGBLACKwithPIXELGEN.runs/impl_1/runme.log
ERROR: [Labtoolstcl 44-513] HW Target shutdown. Closing target: localhost:3121/xilinx_tcf/Digilent/210183AF3054A
INFO: [Labtoolstcl 44-466] Opening hw_target localhost:3121/xilinx_tcf/Digilent/210183AF3054A
INFO: [Labtools 27-1434] Device xc7a35t (JTAG device index = 0) is programmed with a design that has no supported debug core(s) in it.
WARNING: [Labtoolstcl 44-129] No matching hw_ila_data was found.
ERROR: [Labtoolstcl 44-513] HW Target shutdown. Closing target: localhost:3121/xilinx_tcf/Digilent/210183AF3054A
INFO: [Labtoolstcl 44-466] Opening hw_target localhost:3121/xilinx_tcf/Digilent/210183AF3054A
INFO: [Labtools 27-1434] Device xc7a35t (JTAG device index = 0) is programmed with a design that has no supported debug core(s) in it.
WARNING: [Labtoolstcl 44-129] No matching hw_ila_data was found.
close [ open C:/Users/tariq/Desktop/welcomeBGBLACKwithPIXELGEN/welcomeBGBLACKwithPIXELGEN/welcomeBGBLACKwithPIXELGEN.srcs/sources_1/new/motor.v w ]
add_files C:/Users/tariq/Desktop/welcomeBGBLACKwithPIXELGEN/welcomeBGBLACKwithPIXELGEN/welcomeBGBLACKwithPIXELGEN.srcs/sources_1/new/motor.v
close [ open C:/Users/tariq/Desktop/welcomeBGBLACKwithPIXELGEN/welcomeBGBLACKwithPIXELGEN/welcomeBGBLACKwithPIXELGEN.srcs/sources_1/new/screens.v w ]
add_files C:/Users/tariq/Desktop/welcomeBGBLACKwithPIXELGEN/welcomeBGBLACKwithPIXELGEN/welcomeBGBLACKwithPIXELGEN.srcs/sources_1/new/screens.v
export_ip_user_files -of_objects  [get_files C:/Users/tariq/Desktop/welcomeBGBLACKwithPIXELGEN/welcomeBGBLACKwithPIXELGEN/welcomeBGBLACKwithPIXELGEN.srcs/sources_1/new/screens.v] -no_script -reset -force -quiet
remove_files  C:/Users/tariq/Desktop/welcomeBGBLACKwithPIXELGEN/welcomeBGBLACKwithPIXELGEN/welcomeBGBLACKwithPIXELGEN.srcs/sources_1/new/screens.v
file delete -force C:/Users/tariq/Desktop/welcomeBGBLACKwithPIXELGEN/welcomeBGBLACKwithPIXELGEN/welcomeBGBLACKwithPIXELGEN.srcs/sources_1/new/screens.v
close [ open C:/Users/tariq/Desktop/welcomeBGBLACKwithPIXELGEN/welcomeBGBLACKwithPIXELGEN/welcomeBGBLACKwithPIXELGEN.srcs/sources_1/new/a.v w ]
add_files C:/Users/tariq/Desktop/welcomeBGBLACKwithPIXELGEN/welcomeBGBLACKwithPIXELGEN/welcomeBGBLACKwithPIXELGEN.srcs/sources_1/new/a.v
export_ip_user_files -of_objects  [get_files C:/Users/tariq/Desktop/welcomeBGBLACKwithPIXELGEN/welcomeBGBLACKwithPIXELGEN/welcomeBGBLACKwithPIXELGEN.srcs/sources_1/new/a.v] -no_script -reset -force -quiet
remove_files  C:/Users/tariq/Desktop/welcomeBGBLACKwithPIXELGEN/welcomeBGBLACKwithPIXELGEN/welcomeBGBLACKwithPIXELGEN.srcs/sources_1/new/a.v
file delete -force C:/Users/tariq/Desktop/welcomeBGBLACKwithPIXELGEN/welcomeBGBLACKwithPIXELGEN/welcomeBGBLACKwithPIXELGEN.srcs/sources_1/new/a.v
exit
INFO: [Common 17-206] Exiting Vivado at Mon Dec 18 04:10:24 2023...
