
*** Running vivado
    with args -log toplevelmodulelab11.vds -m64 -product Vivado -mode batch -messageDb vivado.pb -notrace -source toplevelmodulelab11.tcl



****** Vivado v2020.1 (64-bit)
  **** SW Build 2902540 on Wed May 27 19:54:49 MDT 2020
  **** IP Build 2902112 on Wed May 27 22:43:36 MDT 2020
    ** Copyright 1986-2020 Xilinx, Inc. All Rights Reserved.

source toplevelmodulelab11.tcl -notrace
Command: synth_design -top toplevelmodulelab11 -part xc7a35tcpg236-1
Starting synth_design
Attempting to get a license for feature 'Synthesis' and/or device 'xc7a35t'
INFO: [Common 17-349] Got license for feature 'Synthesis' and/or device 'xc7a35t'
INFO: [Device 21-403] Loading part xc7a35tcpg236-1
INFO: [Synth 8-7079] Multithreading enabled for synth_design using a maximum of 2 processes.
INFO: [Synth 8-7078] Launching helper process for spawning children vivado processes
INFO: [Synth 8-7075] Helper process launched with PID 8180
---------------------------------------------------------------------------------
Starting RTL Elaboration : Time (s): cpu = 00:00:03 ; elapsed = 00:00:03 . Memory (MB): peak = 1024.539 ; gain = 0.000
---------------------------------------------------------------------------------
INFO: [Synth 8-6157] synthesizing module 'toplevelmodulelab11' [C:/Users/tariq/Desktop/welcomeBGBLACKwithPIXELGEN/welcomeBGBLACKwithPIXELGEN/welcomeBGBLACKwithPIXELGEN.srcs/sources_1/new/toplevelLAB11.v:1]
INFO: [Synth 8-6157] synthesizing module 'dustbin_clock_divider' [C:/Users/tariq/Desktop/welcomeBGBLACKwithPIXELGEN/welcomeBGBLACKwithPIXELGEN/welcomeBGBLACKwithPIXELGEN.srcs/sources_1/new/clockdivider.v:3]
	Parameter div_value bound to: 1 - type: integer 
INFO: [Synth 8-6155] done synthesizing module 'dustbin_clock_divider' (1#1) [C:/Users/tariq/Desktop/welcomeBGBLACKwithPIXELGEN/welcomeBGBLACKwithPIXELGEN/welcomeBGBLACKwithPIXELGEN.srcs/sources_1/new/clockdivider.v:3]
INFO: [Synth 8-6157] synthesizing module 'dustbin_h' [C:/Users/tariq/Desktop/welcomeBGBLACKwithPIXELGEN/welcomeBGBLACKwithPIXELGEN/welcomeBGBLACKwithPIXELGEN.srcs/sources_1/new/dustbin_h.v:3]
INFO: [Synth 8-6155] done synthesizing module 'dustbin_h' (2#1) [C:/Users/tariq/Desktop/welcomeBGBLACKwithPIXELGEN/welcomeBGBLACKwithPIXELGEN/welcomeBGBLACKwithPIXELGEN.srcs/sources_1/new/dustbin_h.v:3]
INFO: [Synth 8-6157] synthesizing module 'dustbin_v' [C:/Users/tariq/Desktop/welcomeBGBLACKwithPIXELGEN/welcomeBGBLACKwithPIXELGEN/welcomeBGBLACKwithPIXELGEN.srcs/sources_1/new/dustbin_v.v:3]
INFO: [Synth 8-6155] done synthesizing module 'dustbin_v' (3#1) [C:/Users/tariq/Desktop/welcomeBGBLACKwithPIXELGEN/welcomeBGBLACKwithPIXELGEN/welcomeBGBLACKwithPIXELGEN.srcs/sources_1/new/dustbin_v.v:3]
INFO: [Synth 8-6157] synthesizing module 'dustbin_vga_sync' [C:/Users/tariq/Desktop/welcomeBGBLACKwithPIXELGEN/welcomeBGBLACKwithPIXELGEN/welcomeBGBLACKwithPIXELGEN.srcs/sources_1/new/dustbin_vga_sync.v:4]
	Parameter HD bound to: 640 - type: integer 
	Parameter HF bound to: 16 - type: integer 
	Parameter HR bound to: 96 - type: integer 
	Parameter HB bound to: 48 - type: integer 
	Parameter VD bound to: 480 - type: integer 
	Parameter VF bound to: 10 - type: integer 
	Parameter VR bound to: 2 - type: integer 
	Parameter VB bound to: 33 - type: integer 
INFO: [Synth 8-6155] done synthesizing module 'dustbin_vga_sync' (4#1) [C:/Users/tariq/Desktop/welcomeBGBLACKwithPIXELGEN/welcomeBGBLACKwithPIXELGEN/welcomeBGBLACKwithPIXELGEN.srcs/sources_1/new/dustbin_vga_sync.v:4]
INFO: [Synth 8-6157] synthesizing module 'dustbin_pixel' [C:/Users/tariq/Desktop/welcomeBGBLACKwithPIXELGEN/welcomeBGBLACKwithPIXELGEN/welcomeBGBLACKwithPIXELGEN.srcs/sources_1/new/dustbin_pixel.v:84]
INFO: [Synth 8-6157] synthesizing module 'open_lid' [C:/Users/tariq/Desktop/welcomeBGBLACKwithPIXELGEN/welcomeBGBLACKwithPIXELGEN/welcomeBGBLACKwithPIXELGEN.srcs/sources_1/new/lidopen.v:4]
INFO: [Synth 8-3876] $readmem data file 'open.mem' is read successfully [C:/Users/tariq/Desktop/welcomeBGBLACKwithPIXELGEN/welcomeBGBLACKwithPIXELGEN/welcomeBGBLACKwithPIXELGEN.srcs/sources_1/new/lidopen.v:14]
INFO: [Synth 8-6155] done synthesizing module 'open_lid' (5#1) [C:/Users/tariq/Desktop/welcomeBGBLACKwithPIXELGEN/welcomeBGBLACKwithPIXELGEN/welcomeBGBLACKwithPIXELGEN.srcs/sources_1/new/lidopen.v:4]
INFO: [Synth 8-6157] synthesizing module 'closed_lid' [C:/Users/tariq/Desktop/welcomeBGBLACKwithPIXELGEN/welcomeBGBLACKwithPIXELGEN/welcomeBGBLACKwithPIXELGEN.srcs/sources_1/new/smartdustbin.v:4]
INFO: [Synth 8-3876] $readmem data file 'trex.mem' is read successfully [C:/Users/tariq/Desktop/welcomeBGBLACKwithPIXELGEN/welcomeBGBLACKwithPIXELGEN/welcomeBGBLACKwithPIXELGEN.srcs/sources_1/new/smartdustbin.v:14]
INFO: [Synth 8-6155] done synthesizing module 'closed_lid' (6#1) [C:/Users/tariq/Desktop/welcomeBGBLACKwithPIXELGEN/welcomeBGBLACKwithPIXELGEN/welcomeBGBLACKwithPIXELGEN.srcs/sources_1/new/smartdustbin.v:4]
INFO: [Synth 8-3876] $readmem data file 'pal24bit.mem' is read successfully [C:/Users/tariq/Desktop/welcomeBGBLACKwithPIXELGEN/welcomeBGBLACKwithPIXELGEN/welcomeBGBLACKwithPIXELGEN.srcs/sources_1/new/dustbin_pixel.v:162]
INFO: [Synth 8-3876] $readmem data file 'openpal24bit.mem' is read successfully [C:/Users/tariq/Desktop/welcomeBGBLACKwithPIXELGEN/welcomeBGBLACKwithPIXELGEN/welcomeBGBLACKwithPIXELGEN.srcs/sources_1/new/dustbin_pixel.v:233]
INFO: [Synth 8-6155] done synthesizing module 'dustbin_pixel' (7#1) [C:/Users/tariq/Desktop/welcomeBGBLACKwithPIXELGEN/welcomeBGBLACKwithPIXELGEN/welcomeBGBLACKwithPIXELGEN.srcs/sources_1/new/dustbin_pixel.v:84]
WARNING: [Synth 8-7071] port 'reset' of module 'dustbin_pixel' is unconnected for instance 'nolabel_line28' [C:/Users/tariq/Desktop/welcomeBGBLACKwithPIXELGEN/welcomeBGBLACKwithPIXELGEN/welcomeBGBLACKwithPIXELGEN.srcs/sources_1/new/toplevelLAB11.v:28]
WARNING: [Synth 8-7071] port 'ir_signal' of module 'dustbin_pixel' is unconnected for instance 'nolabel_line28' [C:/Users/tariq/Desktop/welcomeBGBLACKwithPIXELGEN/welcomeBGBLACKwithPIXELGEN/welcomeBGBLACKwithPIXELGEN.srcs/sources_1/new/toplevelLAB11.v:28]
WARNING: [Synth 8-7071] port 'ir_signal2' of module 'dustbin_pixel' is unconnected for instance 'nolabel_line28' [C:/Users/tariq/Desktop/welcomeBGBLACKwithPIXELGEN/welcomeBGBLACKwithPIXELGEN/welcomeBGBLACKwithPIXELGEN.srcs/sources_1/new/toplevelLAB11.v:28]
WARNING: [Synth 8-7071] port 'ir_signal3' of module 'dustbin_pixel' is unconnected for instance 'nolabel_line28' [C:/Users/tariq/Desktop/welcomeBGBLACKwithPIXELGEN/welcomeBGBLACKwithPIXELGEN/welcomeBGBLACKwithPIXELGEN.srcs/sources_1/new/toplevelLAB11.v:28]
WARNING: [Synth 8-7071] port 'Anode_Activate' of module 'dustbin_pixel' is unconnected for instance 'nolabel_line28' [C:/Users/tariq/Desktop/welcomeBGBLACKwithPIXELGEN/welcomeBGBLACKwithPIXELGEN/welcomeBGBLACKwithPIXELGEN.srcs/sources_1/new/toplevelLAB11.v:28]
WARNING: [Synth 8-7071] port 'LED_out' of module 'dustbin_pixel' is unconnected for instance 'nolabel_line28' [C:/Users/tariq/Desktop/welcomeBGBLACKwithPIXELGEN/welcomeBGBLACKwithPIXELGEN/welcomeBGBLACKwithPIXELGEN.srcs/sources_1/new/toplevelLAB11.v:28]
WARNING: [Synth 8-7023] instance 'nolabel_line28' of module 'dustbin_pixel' has 13 connections declared, but only 7 given [C:/Users/tariq/Desktop/welcomeBGBLACKwithPIXELGEN/welcomeBGBLACKwithPIXELGEN/welcomeBGBLACKwithPIXELGEN.srcs/sources_1/new/toplevelLAB11.v:28]
INFO: [Synth 8-6157] synthesizing module 'Servo_Control' [C:/Users/tariq/Desktop/welcomeBGBLACKwithPIXELGEN/welcomeBGBLACKwithPIXELGEN/welcomeBGBLACKwithPIXELGEN.srcs/sources_1/new/motor.v:2]
INFO: [Synth 8-6155] done synthesizing module 'Servo_Control' (8#1) [C:/Users/tariq/Desktop/welcomeBGBLACKwithPIXELGEN/welcomeBGBLACKwithPIXELGEN/welcomeBGBLACKwithPIXELGEN.srcs/sources_1/new/motor.v:2]
INFO: [Synth 8-6155] done synthesizing module 'toplevelmodulelab11' (9#1) [C:/Users/tariq/Desktop/welcomeBGBLACKwithPIXELGEN/welcomeBGBLACKwithPIXELGEN/welcomeBGBLACKwithPIXELGEN.srcs/sources_1/new/toplevelLAB11.v:1]
---------------------------------------------------------------------------------
Finished RTL Elaboration : Time (s): cpu = 00:00:05 ; elapsed = 00:00:04 . Memory (MB): peak = 1105.285 ; gain = 80.746
---------------------------------------------------------------------------------
---------------------------------------------------------------------------------
Start Handling Custom Attributes
---------------------------------------------------------------------------------
---------------------------------------------------------------------------------
Finished Handling Custom Attributes : Time (s): cpu = 00:00:05 ; elapsed = 00:00:05 . Memory (MB): peak = 1105.285 ; gain = 80.746
---------------------------------------------------------------------------------
---------------------------------------------------------------------------------
Finished RTL Optimization Phase 1 : Time (s): cpu = 00:00:05 ; elapsed = 00:00:05 . Memory (MB): peak = 1105.285 ; gain = 80.746
---------------------------------------------------------------------------------
Netlist sorting complete. Time (s): cpu = 00:00:00 ; elapsed = 00:00:00.004 . Memory (MB): peak = 1105.285 ; gain = 0.000
INFO: [Project 1-570] Preparing netlist for logic optimization

Processing XDC Constraints
Initializing timing engine
Parsing XDC File [C:/Users/tariq/Desktop/welcomeBGBLACKwithPIXELGEN/welcomeBGBLACKwithPIXELGEN/welcomeBGBLACKwithPIXELGEN.srcs/constrs_1/new/test_addsub_const.xdc]
WARNING: [Vivado 12-584] No ports matched 'ir_signal'. [C:/Users/tariq/Desktop/welcomeBGBLACKwithPIXELGEN/welcomeBGBLACKwithPIXELGEN/welcomeBGBLACKwithPIXELGEN.srcs/constrs_1/new/test_addsub_const.xdc:2]
CRITICAL WARNING: [Common 17-55] 'set_property' expects at least one object. [C:/Users/tariq/Desktop/welcomeBGBLACKwithPIXELGEN/welcomeBGBLACKwithPIXELGEN/welcomeBGBLACKwithPIXELGEN.srcs/constrs_1/new/test_addsub_const.xdc:2]
Resolution: If [get_<value>] was used to populate the object, check to make sure this command returns at least one valid object.
WARNING: [Vivado 12-584] No ports matched 'ir_signal'. [C:/Users/tariq/Desktop/welcomeBGBLACKwithPIXELGEN/welcomeBGBLACKwithPIXELGEN/welcomeBGBLACKwithPIXELGEN.srcs/constrs_1/new/test_addsub_const.xdc:3]
CRITICAL WARNING: [Common 17-55] 'set_property' expects at least one object. [C:/Users/tariq/Desktop/welcomeBGBLACKwithPIXELGEN/welcomeBGBLACKwithPIXELGEN/welcomeBGBLACKwithPIXELGEN.srcs/constrs_1/new/test_addsub_const.xdc:3]
Resolution: If [get_<value>] was used to populate the object, check to make sure this command returns at least one valid object.
WARNING: [Vivado 12-584] No ports matched 'ir_signal2'. [C:/Users/tariq/Desktop/welcomeBGBLACKwithPIXELGEN/welcomeBGBLACKwithPIXELGEN/welcomeBGBLACKwithPIXELGEN.srcs/constrs_1/new/test_addsub_const.xdc:8]
CRITICAL WARNING: [Common 17-55] 'set_property' expects at least one object. [C:/Users/tariq/Desktop/welcomeBGBLACKwithPIXELGEN/welcomeBGBLACKwithPIXELGEN/welcomeBGBLACKwithPIXELGEN.srcs/constrs_1/new/test_addsub_const.xdc:8]
Resolution: If [get_<value>] was used to populate the object, check to make sure this command returns at least one valid object.
WARNING: [Vivado 12-584] No ports matched 'ir_signal2'. [C:/Users/tariq/Desktop/welcomeBGBLACKwithPIXELGEN/welcomeBGBLACKwithPIXELGEN/welcomeBGBLACKwithPIXELGEN.srcs/constrs_1/new/test_addsub_const.xdc:9]
CRITICAL WARNING: [Common 17-55] 'set_property' expects at least one object. [C:/Users/tariq/Desktop/welcomeBGBLACKwithPIXELGEN/welcomeBGBLACKwithPIXELGEN/welcomeBGBLACKwithPIXELGEN.srcs/constrs_1/new/test_addsub_const.xdc:9]
Resolution: If [get_<value>] was used to populate the object, check to make sure this command returns at least one valid object.
WARNING: [Vivado 12-584] No ports matched 'ir_signal3'. [C:/Users/tariq/Desktop/welcomeBGBLACKwithPIXELGEN/welcomeBGBLACKwithPIXELGEN/welcomeBGBLACKwithPIXELGEN.srcs/constrs_1/new/test_addsub_const.xdc:11]
CRITICAL WARNING: [Common 17-55] 'set_property' expects at least one object. [C:/Users/tariq/Desktop/welcomeBGBLACKwithPIXELGEN/welcomeBGBLACKwithPIXELGEN/welcomeBGBLACKwithPIXELGEN.srcs/constrs_1/new/test_addsub_const.xdc:11]
Resolution: If [get_<value>] was used to populate the object, check to make sure this command returns at least one valid object.
WARNING: [Vivado 12-584] No ports matched 'ir_signal3'. [C:/Users/tariq/Desktop/welcomeBGBLACKwithPIXELGEN/welcomeBGBLACKwithPIXELGEN/welcomeBGBLACKwithPIXELGEN.srcs/constrs_1/new/test_addsub_const.xdc:12]
CRITICAL WARNING: [Common 17-55] 'set_property' expects at least one object. [C:/Users/tariq/Desktop/welcomeBGBLACKwithPIXELGEN/welcomeBGBLACKwithPIXELGEN/welcomeBGBLACKwithPIXELGEN.srcs/constrs_1/new/test_addsub_const.xdc:12]
Resolution: If [get_<value>] was used to populate the object, check to make sure this command returns at least one valid object.
WARNING: [Vivado 12-584] No ports matched 'reset'. [C:/Users/tariq/Desktop/welcomeBGBLACKwithPIXELGEN/welcomeBGBLACKwithPIXELGEN/welcomeBGBLACKwithPIXELGEN.srcs/constrs_1/new/test_addsub_const.xdc:14]
CRITICAL WARNING: [Common 17-55] 'set_property' expects at least one object. [C:/Users/tariq/Desktop/welcomeBGBLACKwithPIXELGEN/welcomeBGBLACKwithPIXELGEN/welcomeBGBLACKwithPIXELGEN.srcs/constrs_1/new/test_addsub_const.xdc:14]
Resolution: If [get_<value>] was used to populate the object, check to make sure this command returns at least one valid object.
WARNING: [Vivado 12-584] No ports matched 'reset'. [C:/Users/tariq/Desktop/welcomeBGBLACKwithPIXELGEN/welcomeBGBLACKwithPIXELGEN/welcomeBGBLACKwithPIXELGEN.srcs/constrs_1/new/test_addsub_const.xdc:15]
CRITICAL WARNING: [Common 17-55] 'set_property' expects at least one object. [C:/Users/tariq/Desktop/welcomeBGBLACKwithPIXELGEN/welcomeBGBLACKwithPIXELGEN/welcomeBGBLACKwithPIXELGEN.srcs/constrs_1/new/test_addsub_const.xdc:15]
Resolution: If [get_<value>] was used to populate the object, check to make sure this command returns at least one valid object.
WARNING: [Vivado 12-584] No ports matched 'LED_out[6]'. [C:/Users/tariq/Desktop/welcomeBGBLACKwithPIXELGEN/welcomeBGBLACKwithPIXELGEN/welcomeBGBLACKwithPIXELGEN.srcs/constrs_1/new/test_addsub_const.xdc:52]
CRITICAL WARNING: [Common 17-55] 'set_property' expects at least one object. [C:/Users/tariq/Desktop/welcomeBGBLACKwithPIXELGEN/welcomeBGBLACKwithPIXELGEN/welcomeBGBLACKwithPIXELGEN.srcs/constrs_1/new/test_addsub_const.xdc:52]
Resolution: If [get_<value>] was used to populate the object, check to make sure this command returns at least one valid object.
WARNING: [Vivado 12-584] No ports matched 'LED_out[6]'. [C:/Users/tariq/Desktop/welcomeBGBLACKwithPIXELGEN/welcomeBGBLACKwithPIXELGEN/welcomeBGBLACKwithPIXELGEN.srcs/constrs_1/new/test_addsub_const.xdc:53]
CRITICAL WARNING: [Common 17-55] 'set_property' expects at least one object. [C:/Users/tariq/Desktop/welcomeBGBLACKwithPIXELGEN/welcomeBGBLACKwithPIXELGEN/welcomeBGBLACKwithPIXELGEN.srcs/constrs_1/new/test_addsub_const.xdc:53]
Resolution: If [get_<value>] was used to populate the object, check to make sure this command returns at least one valid object.
WARNING: [Vivado 12-584] No ports matched 'LED_out[5]'. [C:/Users/tariq/Desktop/welcomeBGBLACKwithPIXELGEN/welcomeBGBLACKwithPIXELGEN/welcomeBGBLACKwithPIXELGEN.srcs/constrs_1/new/test_addsub_const.xdc:54]
CRITICAL WARNING: [Common 17-55] 'set_property' expects at least one object. [C:/Users/tariq/Desktop/welcomeBGBLACKwithPIXELGEN/welcomeBGBLACKwithPIXELGEN/welcomeBGBLACKwithPIXELGEN.srcs/constrs_1/new/test_addsub_const.xdc:54]
Resolution: If [get_<value>] was used to populate the object, check to make sure this command returns at least one valid object.
WARNING: [Vivado 12-584] No ports matched 'LED_out[5]'. [C:/Users/tariq/Desktop/welcomeBGBLACKwithPIXELGEN/welcomeBGBLACKwithPIXELGEN/welcomeBGBLACKwithPIXELGEN.srcs/constrs_1/new/test_addsub_const.xdc:55]
CRITICAL WARNING: [Common 17-55] 'set_property' expects at least one object. [C:/Users/tariq/Desktop/welcomeBGBLACKwithPIXELGEN/welcomeBGBLACKwithPIXELGEN/welcomeBGBLACKwithPIXELGEN.srcs/constrs_1/new/test_addsub_const.xdc:55]
Resolution: If [get_<value>] was used to populate the object, check to make sure this command returns at least one valid object.
WARNING: [Vivado 12-584] No ports matched 'LED_out[4]'. [C:/Users/tariq/Desktop/welcomeBGBLACKwithPIXELGEN/welcomeBGBLACKwithPIXELGEN/welcomeBGBLACKwithPIXELGEN.srcs/constrs_1/new/test_addsub_const.xdc:56]
CRITICAL WARNING: [Common 17-55] 'set_property' expects at least one object. [C:/Users/tariq/Desktop/welcomeBGBLACKwithPIXELGEN/welcomeBGBLACKwithPIXELGEN/welcomeBGBLACKwithPIXELGEN.srcs/constrs_1/new/test_addsub_const.xdc:56]
Resolution: If [get_<value>] was used to populate the object, check to make sure this command returns at least one valid object.
WARNING: [Vivado 12-584] No ports matched 'LED_out[4]'. [C:/Users/tariq/Desktop/welcomeBGBLACKwithPIXELGEN/welcomeBGBLACKwithPIXELGEN/welcomeBGBLACKwithPIXELGEN.srcs/constrs_1/new/test_addsub_const.xdc:57]
CRITICAL WARNING: [Common 17-55] 'set_property' expects at least one object. [C:/Users/tariq/Desktop/welcomeBGBLACKwithPIXELGEN/welcomeBGBLACKwithPIXELGEN/welcomeBGBLACKwithPIXELGEN.srcs/constrs_1/new/test_addsub_const.xdc:57]
Resolution: If [get_<value>] was used to populate the object, check to make sure this command returns at least one valid object.
WARNING: [Vivado 12-584] No ports matched 'LED_out[3]'. [C:/Users/tariq/Desktop/welcomeBGBLACKwithPIXELGEN/welcomeBGBLACKwithPIXELGEN/welcomeBGBLACKwithPIXELGEN.srcs/constrs_1/new/test_addsub_const.xdc:58]
CRITICAL WARNING: [Common 17-55] 'set_property' expects at least one object. [C:/Users/tariq/Desktop/welcomeBGBLACKwithPIXELGEN/welcomeBGBLACKwithPIXELGEN/welcomeBGBLACKwithPIXELGEN.srcs/constrs_1/new/test_addsub_const.xdc:58]
Resolution: If [get_<value>] was used to populate the object, check to make sure this command returns at least one valid object.
WARNING: [Vivado 12-584] No ports matched 'LED_out[3]'. [C:/Users/tariq/Desktop/welcomeBGBLACKwithPIXELGEN/welcomeBGBLACKwithPIXELGEN/welcomeBGBLACKwithPIXELGEN.srcs/constrs_1/new/test_addsub_const.xdc:59]
CRITICAL WARNING: [Common 17-55] 'set_property' expects at least one object. [C:/Users/tariq/Desktop/welcomeBGBLACKwithPIXELGEN/welcomeBGBLACKwithPIXELGEN/welcomeBGBLACKwithPIXELGEN.srcs/constrs_1/new/test_addsub_const.xdc:59]
Resolution: If [get_<value>] was used to populate the object, check to make sure this command returns at least one valid object.
WARNING: [Vivado 12-584] No ports matched 'LED_out[2]'. [C:/Users/tariq/Desktop/welcomeBGBLACKwithPIXELGEN/welcomeBGBLACKwithPIXELGEN/welcomeBGBLACKwithPIXELGEN.srcs/constrs_1/new/test_addsub_const.xdc:60]
CRITICAL WARNING: [Common 17-55] 'set_property' expects at least one object. [C:/Users/tariq/Desktop/welcomeBGBLACKwithPIXELGEN/welcomeBGBLACKwithPIXELGEN/welcomeBGBLACKwithPIXELGEN.srcs/constrs_1/new/test_addsub_const.xdc:60]
Resolution: If [get_<value>] was used to populate the object, check to make sure this command returns at least one valid object.
WARNING: [Vivado 12-584] No ports matched 'LED_out[2]'. [C:/Users/tariq/Desktop/welcomeBGBLACKwithPIXELGEN/welcomeBGBLACKwithPIXELGEN/welcomeBGBLACKwithPIXELGEN.srcs/constrs_1/new/test_addsub_const.xdc:61]
CRITICAL WARNING: [Common 17-55] 'set_property' expects at least one object. [C:/Users/tariq/Desktop/welcomeBGBLACKwithPIXELGEN/welcomeBGBLACKwithPIXELGEN/welcomeBGBLACKwithPIXELGEN.srcs/constrs_1/new/test_addsub_const.xdc:61]
Resolution: If [get_<value>] was used to populate the object, check to make sure this command returns at least one valid object.
WARNING: [Vivado 12-584] No ports matched 'LED_out[1]'. [C:/Users/tariq/Desktop/welcomeBGBLACKwithPIXELGEN/welcomeBGBLACKwithPIXELGEN/welcomeBGBLACKwithPIXELGEN.srcs/constrs_1/new/test_addsub_const.xdc:62]
CRITICAL WARNING: [Common 17-55] 'set_property' expects at least one object. [C:/Users/tariq/Desktop/welcomeBGBLACKwithPIXELGEN/welcomeBGBLACKwithPIXELGEN/welcomeBGBLACKwithPIXELGEN.srcs/constrs_1/new/test_addsub_const.xdc:62]
Resolution: If [get_<value>] was used to populate the object, check to make sure this command returns at least one valid object.
WARNING: [Vivado 12-584] No ports matched 'LED_out[1]'. [C:/Users/tariq/Desktop/welcomeBGBLACKwithPIXELGEN/welcomeBGBLACKwithPIXELGEN/welcomeBGBLACKwithPIXELGEN.srcs/constrs_1/new/test_addsub_const.xdc:63]
CRITICAL WARNING: [Common 17-55] 'set_property' expects at least one object. [C:/Users/tariq/Desktop/welcomeBGBLACKwithPIXELGEN/welcomeBGBLACKwithPIXELGEN/welcomeBGBLACKwithPIXELGEN.srcs/constrs_1/new/test_addsub_const.xdc:63]
Resolution: If [get_<value>] was used to populate the object, check to make sure this command returns at least one valid object.
WARNING: [Vivado 12-584] No ports matched 'LED_out[0]'. [C:/Users/tariq/Desktop/welcomeBGBLACKwithPIXELGEN/welcomeBGBLACKwithPIXELGEN/welcomeBGBLACKwithPIXELGEN.srcs/constrs_1/new/test_addsub_const.xdc:64]
CRITICAL WARNING: [Common 17-55] 'set_property' expects at least one object. [C:/Users/tariq/Desktop/welcomeBGBLACKwithPIXELGEN/welcomeBGBLACKwithPIXELGEN/welcomeBGBLACKwithPIXELGEN.srcs/constrs_1/new/test_addsub_const.xdc:64]
Resolution: If [get_<value>] was used to populate the object, check to make sure this command returns at least one valid object.
WARNING: [Vivado 12-584] No ports matched 'LED_out[0]'. [C:/Users/tariq/Desktop/welcomeBGBLACKwithPIXELGEN/welcomeBGBLACKwithPIXELGEN/welcomeBGBLACKwithPIXELGEN.srcs/constrs_1/new/test_addsub_const.xdc:65]
CRITICAL WARNING: [Common 17-55] 'set_property' expects at least one object. [C:/Users/tariq/Desktop/welcomeBGBLACKwithPIXELGEN/welcomeBGBLACKwithPIXELGEN/welcomeBGBLACKwithPIXELGEN.srcs/constrs_1/new/test_addsub_const.xdc:65]
Resolution: If [get_<value>] was used to populate the object, check to make sure this command returns at least one valid object.
WARNING: [Vivado 12-584] No ports matched 'Anode_Activate[0]'. [C:/Users/tariq/Desktop/welcomeBGBLACKwithPIXELGEN/welcomeBGBLACKwithPIXELGEN/welcomeBGBLACKwithPIXELGEN.srcs/constrs_1/new/test_addsub_const.xdc:66]
CRITICAL WARNING: [Common 17-55] 'set_property' expects at least one object. [C:/Users/tariq/Desktop/welcomeBGBLACKwithPIXELGEN/welcomeBGBLACKwithPIXELGEN/welcomeBGBLACKwithPIXELGEN.srcs/constrs_1/new/test_addsub_const.xdc:66]
Resolution: If [get_<value>] was used to populate the object, check to make sure this command returns at least one valid object.
WARNING: [Vivado 12-584] No ports matched 'Anode_Activate[0]'. [C:/Users/tariq/Desktop/welcomeBGBLACKwithPIXELGEN/welcomeBGBLACKwithPIXELGEN/welcomeBGBLACKwithPIXELGEN.srcs/constrs_1/new/test_addsub_const.xdc:67]
CRITICAL WARNING: [Common 17-55] 'set_property' expects at least one object. [C:/Users/tariq/Desktop/welcomeBGBLACKwithPIXELGEN/welcomeBGBLACKwithPIXELGEN/welcomeBGBLACKwithPIXELGEN.srcs/constrs_1/new/test_addsub_const.xdc:67]
Resolution: If [get_<value>] was used to populate the object, check to make sure this command returns at least one valid object.
WARNING: [Vivado 12-584] No ports matched 'Anode_Activate[1]'. [C:/Users/tariq/Desktop/welcomeBGBLACKwithPIXELGEN/welcomeBGBLACKwithPIXELGEN/welcomeBGBLACKwithPIXELGEN.srcs/constrs_1/new/test_addsub_const.xdc:68]
CRITICAL WARNING: [Common 17-55] 'set_property' expects at least one object. [C:/Users/tariq/Desktop/welcomeBGBLACKwithPIXELGEN/welcomeBGBLACKwithPIXELGEN/welcomeBGBLACKwithPIXELGEN.srcs/constrs_1/new/test_addsub_const.xdc:68]
Resolution: If [get_<value>] was used to populate the object, check to make sure this command returns at least one valid object.
WARNING: [Vivado 12-584] No ports matched 'Anode_Activate[1]'. [C:/Users/tariq/Desktop/welcomeBGBLACKwithPIXELGEN/welcomeBGBLACKwithPIXELGEN/welcomeBGBLACKwithPIXELGEN.srcs/constrs_1/new/test_addsub_const.xdc:69]
CRITICAL WARNING: [Common 17-55] 'set_property' expects at least one object. [C:/Users/tariq/Desktop/welcomeBGBLACKwithPIXELGEN/welcomeBGBLACKwithPIXELGEN/welcomeBGBLACKwithPIXELGEN.srcs/constrs_1/new/test_addsub_const.xdc:69]
Resolution: If [get_<value>] was used to populate the object, check to make sure this command returns at least one valid object.
WARNING: [Vivado 12-584] No ports matched 'Anode_Activate[2]'. [C:/Users/tariq/Desktop/welcomeBGBLACKwithPIXELGEN/welcomeBGBLACKwithPIXELGEN/welcomeBGBLACKwithPIXELGEN.srcs/constrs_1/new/test_addsub_const.xdc:70]
CRITICAL WARNING: [Common 17-55] 'set_property' expects at least one object. [C:/Users/tariq/Desktop/welcomeBGBLACKwithPIXELGEN/welcomeBGBLACKwithPIXELGEN/welcomeBGBLACKwithPIXELGEN.srcs/constrs_1/new/test_addsub_const.xdc:70]
Resolution: If [get_<value>] was used to populate the object, check to make sure this command returns at least one valid object.
WARNING: [Vivado 12-584] No ports matched 'Anode_Activate[2]'. [C:/Users/tariq/Desktop/welcomeBGBLACKwithPIXELGEN/welcomeBGBLACKwithPIXELGEN/welcomeBGBLACKwithPIXELGEN.srcs/constrs_1/new/test_addsub_const.xdc:71]
CRITICAL WARNING: [Common 17-55] 'set_property' expects at least one object. [C:/Users/tariq/Desktop/welcomeBGBLACKwithPIXELGEN/welcomeBGBLACKwithPIXELGEN/welcomeBGBLACKwithPIXELGEN.srcs/constrs_1/new/test_addsub_const.xdc:71]
Resolution: If [get_<value>] was used to populate the object, check to make sure this command returns at least one valid object.
WARNING: [Vivado 12-584] No ports matched 'Anode_Activate[3]'. [C:/Users/tariq/Desktop/welcomeBGBLACKwithPIXELGEN/welcomeBGBLACKwithPIXELGEN/welcomeBGBLACKwithPIXELGEN.srcs/constrs_1/new/test_addsub_const.xdc:72]
CRITICAL WARNING: [Common 17-55] 'set_property' expects at least one object. [C:/Users/tariq/Desktop/welcomeBGBLACKwithPIXELGEN/welcomeBGBLACKwithPIXELGEN/welcomeBGBLACKwithPIXELGEN.srcs/constrs_1/new/test_addsub_const.xdc:72]
Resolution: If [get_<value>] was used to populate the object, check to make sure this command returns at least one valid object.
WARNING: [Vivado 12-584] No ports matched 'Anode_Activate[3]'. [C:/Users/tariq/Desktop/welcomeBGBLACKwithPIXELGEN/welcomeBGBLACKwithPIXELGEN/welcomeBGBLACKwithPIXELGEN.srcs/constrs_1/new/test_addsub_const.xdc:73]
CRITICAL WARNING: [Common 17-55] 'set_property' expects at least one object. [C:/Users/tariq/Desktop/welcomeBGBLACKwithPIXELGEN/welcomeBGBLACKwithPIXELGEN/welcomeBGBLACKwithPIXELGEN.srcs/constrs_1/new/test_addsub_const.xdc:73]
Resolution: If [get_<value>] was used to populate the object, check to make sure this command returns at least one valid object.
Finished Parsing XDC File [C:/Users/tariq/Desktop/welcomeBGBLACKwithPIXELGEN/welcomeBGBLACKwithPIXELGEN/welcomeBGBLACKwithPIXELGEN.srcs/constrs_1/new/test_addsub_const.xdc]
INFO: [Project 1-236] Implementation specific constraints were found while reading constraint file [C:/Users/tariq/Desktop/welcomeBGBLACKwithPIXELGEN/welcomeBGBLACKwithPIXELGEN/welcomeBGBLACKwithPIXELGEN.srcs/constrs_1/new/test_addsub_const.xdc]. These constraints will be ignored for synthesis but will be used in implementation. Impacted constraints are listed in the file [.Xil/toplevelmodulelab11_propImpl.xdc].
Resolution: To avoid this warning, move constraints listed in [.Xil/toplevelmodulelab11_propImpl.xdc] to another XDC file and exclude this new file from synthesis with the used_in_synthesis property (File Properties dialog in GUI) and re-run elaboration/synthesis.
Completed Processing XDC Constraints

Netlist sorting complete. Time (s): cpu = 00:00:00 ; elapsed = 00:00:00 . Memory (MB): peak = 1165.367 ; gain = 0.000
INFO: [Project 1-111] Unisim Transformation Summary:
No Unisim elements were transformed.

Constraint Validation Runtime : Time (s): cpu = 00:00:00 ; elapsed = 00:00:00.009 . Memory (MB): peak = 1165.367 ; gain = 0.000
---------------------------------------------------------------------------------
Finished Constraint Validation : Time (s): cpu = 00:00:09 ; elapsed = 00:00:10 . Memory (MB): peak = 1165.367 ; gain = 140.828
---------------------------------------------------------------------------------
---------------------------------------------------------------------------------
Start Loading Part and Timing Information
---------------------------------------------------------------------------------
Loading part: xc7a35tcpg236-1
---------------------------------------------------------------------------------
Finished Loading Part and Timing Information : Time (s): cpu = 00:00:09 ; elapsed = 00:00:10 . Memory (MB): peak = 1165.367 ; gain = 140.828
---------------------------------------------------------------------------------
---------------------------------------------------------------------------------
Start Applying 'set_property' XDC Constraints
---------------------------------------------------------------------------------
---------------------------------------------------------------------------------
Finished applying 'set_property' XDC Constraints : Time (s): cpu = 00:00:10 ; elapsed = 00:00:10 . Memory (MB): peak = 1165.367 ; gain = 140.828
---------------------------------------------------------------------------------
---------------------------------------------------------------------------------
Finished RTL Optimization Phase 2 : Time (s): cpu = 00:00:21 ; elapsed = 00:00:22 . Memory (MB): peak = 1298.289 ; gain = 273.750
---------------------------------------------------------------------------------
---------------------------------------------------------------------------------
Start RTL Component Statistics 
---------------------------------------------------------------------------------
Detailed RTL Component Info : 
+---Adders : 
	   2 Input   17 Bit       Adders := 1     
	   3 Input   11 Bit       Adders := 2     
	   2 Input   10 Bit       Adders := 2     
	   2 Input    1 Bit       Adders := 1     
+---Registers : 
	               17 Bit    Registers := 1     
	               10 Bit    Registers := 2     
	                9 Bit    Registers := 2     
	                7 Bit    Registers := 2     
	                4 Bit    Registers := 3     
	                2 Bit    Registers := 1     
	                1 Bit    Registers := 4     
+---ROMs : 
	                    ROMs := 2     
+---Muxes : 
	   2 Input   18 Bit        Muxes := 1     
	   2 Input   10 Bit        Muxes := 1     
	   2 Input    9 Bit        Muxes := 2     
	   3 Input    9 Bit        Muxes := 1     
	   2 Input    7 Bit        Muxes := 1     
	   3 Input    6 Bit        Muxes := 1     
	   2 Input    4 Bit        Muxes := 3     
	   4 Input    4 Bit        Muxes := 2     
	   2 Input    2 Bit        Muxes := 2     
	   2 Input    1 Bit        Muxes := 8     
---------------------------------------------------------------------------------
Finished RTL Component Statistics 
---------------------------------------------------------------------------------
---------------------------------------------------------------------------------
Start Part Resource Summary
---------------------------------------------------------------------------------
Part Resources:
DSPs: 90 (col length:60)
BRAMs: 100 (col length: RAMB18 60 RAMB36 30)
---------------------------------------------------------------------------------
Finished Part Resource Summary
---------------------------------------------------------------------------------
---------------------------------------------------------------------------------
Start Cross Boundary and Area Optimization
---------------------------------------------------------------------------------
DSP Report: Generating DSP nolabel_line28/address1, operation Mode is: A*B.
DSP Report: operator nolabel_line28/address1 is absorbed into DSP nolabel_line28/address1.
DSP Report: Generating DSP nolabel_line28/address_reg, operation Mode is: PCIN+(A:0x0):B2+(C:0xffffffffff88).
DSP Report: register nolabel_line23/h_count_reg is absorbed into DSP nolabel_line28/address_reg.
DSP Report: register nolabel_line28/address_reg is absorbed into DSP nolabel_line28/address_reg.
DSP Report: operator nolabel_line28/address0 is absorbed into DSP nolabel_line28/address_reg.
---------------------------------------------------------------------------------
Finished Cross Boundary and Area Optimization : Time (s): cpu = 00:00:22 ; elapsed = 00:00:23 . Memory (MB): peak = 1316.297 ; gain = 291.758
---------------------------------------------------------------------------------
